<?xml version="1.0" encoding="UTF-8"?>
<!-- Generated by org.testng.reporters.JUnitReportReporter -->
<testsuite skipped="0" hostname="C1-G-MON-014" name="com.nalu.vdeoHandling.YouTubeTestCase5" tests="1" failures="0" timestamp="27 Nov 2020 06:45:32 GMT" time="22.129" errors="0">
  <testcase name="test" time="22.129" classname="com.nalu.vdeoHandling.YouTubeTestCase5"/>
</testsuite> <!-- com.nalu.vdeoHandling.YouTubeTestCase5 -->
