<?xml version="1.0" encoding="UTF-8"?>
<!-- Generated by org.testng.reporters.JUnitReportReporter -->
<testsuite skipped="0" hostname="C1-G-MON-014" name="dataDriven.GmailLoginTest" tests="3" failures="0" timestamp="17 Dec 2020 08:21:17 GMT" time="67.910" errors="0">
  <testcase name="test" time="22.104" classname="dataDriven.GmailLoginTest"/>
  <testcase name="test" time="21.067" classname="dataDriven.GmailLoginTest"/>
  <testcase name="test" time="24.739" classname="dataDriven.GmailLoginTest"/>
</testsuite> <!-- dataDriven.GmailLoginTest -->
