<?xml version="1.0" encoding="UTF-8"?>
<!-- Generated by org.testng.reporters.JUnitReportReporter -->
<testsuite skipped="0" hostname="C1-G-MON-014" name="com.nalu.vdeoHandling.YouTubeTest" tests="1" failures="0" timestamp="26 Nov 2020 10:44:28 GMT" time="37.211" errors="0">
  <testcase name="youTubeLogin" time="37.211" classname="com.nalu.vdeoHandling.YouTubeTest"/>
</testsuite> <!-- com.nalu.vdeoHandling.YouTubeTest -->
