<?xml version="1.0" encoding="UTF-8"?>
<!-- Generated by org.testng.reporters.JUnitReportReporter -->
<testsuite skipped="0" hostname="C1-G-MON-014" name="com.nalu.vdeoHandling.YouTubeTest2" tests="1" failures="0" timestamp="26 Nov 2020 11:38:44 GMT" time="20.253" errors="0">
  <testcase name="test" time="20.253" classname="com.nalu.vdeoHandling.YouTubeTest2"/>
</testsuite> <!-- com.nalu.vdeoHandling.YouTubeTest2 -->
