<?xml version="1.0" encoding="UTF-8"?>
<!-- Generated by org.testng.reporters.JUnitReportReporter -->
<testsuite skipped="0" hostname="C1-G-MON-014" name="com.nalu.vdeoHandling.YouTubeTestCase4" tests="1" failures="0" timestamp="27 Nov 2020 06:56:43 GMT" time="15.622" errors="0">
  <testcase name="test" time="15.622" classname="com.nalu.vdeoHandling.YouTubeTestCase4"/>
</testsuite> <!-- com.nalu.vdeoHandling.YouTubeTestCase4 -->
