<?xml version="1.0" encoding="UTF-8"?>
<!-- Generated by org.testng.reporters.JUnitReportReporter -->
<testsuite skipped="0" hostname="C1-G-MON-014" name="com.nalu.vdeoHandling.YouTubeTestCase7" tests="1" failures="0" timestamp="27 Nov 2020 07:42:38 GMT" time="100.151" errors="0">
  <testcase name="test" time="100.151" classname="com.nalu.vdeoHandling.YouTubeTestCase7"/>
</testsuite> <!-- com.nalu.vdeoHandling.YouTubeTestCase7 -->
