<?xml version="1.0" encoding="UTF-8"?>
<!-- Generated by org.testng.reporters.JUnitReportReporter -->
<testsuite skipped="0" hostname="C1-G-MON-014" name="com.nalu.vdeoHandling.YoutubeTestcase10" tests="1" failures="0" timestamp="27 Nov 2020 11:17:39 GMT" time="6.737" errors="0">
  <testcase name="test" time="6.737" classname="com.nalu.vdeoHandling.YoutubeTestcase10"/>
</testsuite> <!-- com.nalu.vdeoHandling.YoutubeTestcase10 -->
