<?xml version="1.0" encoding="UTF-8"?>
<!-- Generated by org.testng.reporters.JUnitReportReporter -->
<testsuite skipped="0" hostname="C1-G-MON-014" name="org.testing.testscripts.TC3" tests="1" failures="0" timestamp="15 Dec 2020 09:45:02 GMT" time="28.094" errors="0">
  <testcase name="test" time="28.094" classname="org.testing.testscripts.TC3"/>
</testsuite> <!-- org.testing.testscripts.TC3 -->
