<?xml version="1.0" encoding="UTF-8"?>
<!-- Generated by org.testng.reporters.JUnitReportReporter -->
<testsuite skipped="0" hostname="C1-G-MON-014" name="com.nalu.vdeoHandling.YouTubeTestCase6" tests="1" failures="0" timestamp="27 Nov 2020 10:55:30 GMT" time="14.664" errors="0">
  <testcase name="test" time="14.664" classname="com.nalu.vdeoHandling.YouTubeTestCase6"/>
</testsuite> <!-- com.nalu.vdeoHandling.YouTubeTestCase6 -->
