<?xml version="1.0" encoding="UTF-8"?>
<!-- Generated by org.testng.reporters.JUnitReportReporter -->
<testsuite skipped="1" hostname="C1-G-MON-014" name="dataDriven.YouTubeLogin" tests="1" failures="0" timestamp="18 Dec 2020 06:30:50 GMT" time="0.000" errors="0">
  <testcase name="dataProvider" time="0.000" classname="dataDriven.YouTubeLogin">
    <skipped/>
  </testcase> <!-- dataProvider -->
</testsuite> <!-- dataDriven.YouTubeLogin -->
