<?xml version="1.0" encoding="UTF-8"?>
<!-- Generated by org.testng.reporters.JUnitReportReporter -->
<testsuite skipped="0" hostname="C1-G-MON-014" name="popupHandling.PopupHandling1" tests="1" failures="0" timestamp="18 Dec 2020 11:43:27 GMT" time="2.347" errors="0">
  <testcase name="popup1" time="2.347" classname="popupHandling.PopupHandling1"/>
</testsuite> <!-- popupHandling.PopupHandling1 -->
