<?xml version="1.0" encoding="UTF-8"?>
<!-- Generated by org.testng.reporters.JUnitReportReporter -->
<testsuite skipped="0" hostname="C1-G-MON-014" name="com.nalu.vdeoHandling.YouTubeTest3" tests="1" failures="0" timestamp="27 Nov 2020 04:58:44 GMT" time="21.581" errors="0">
  <testcase name="test" time="21.581" classname="com.nalu.vdeoHandling.YouTubeTest3"/>
</testsuite> <!-- com.nalu.vdeoHandling.YouTubeTest3 -->
